<?xml version="1.0" encoding="UTF-8"?>
<!-- Generated by org.testng.reporters.JUnitXMLReporter -->
<testsuite ignored="0" hostname="DESKTOP-OV6RCV6" failures="1" tests="1" name="Test" time="34.693" errors="0" timestamp="22 janv. 2023 13:53:06 GMT">
  <testcase classname="testCases.LoginTestCase" name="main" time="34.613">
    <failure type="org.openqa.selenium.ElementClickInterceptedException" message="element click intercepted: Element &amp;lt;button id=&amp;quot;login&amp;quot; type=&amp;quot;button&amp;quot; class=&amp;quot;btn btn-primary&amp;quot;&amp;gt;...&amp;lt;/button&amp;gt; is not clickable at point (832, 573). Other element would receive the click: &amp;lt;footer&amp;gt;...&amp;lt;/footer&amp;gt;
  (Session info: MicrosoftEdge=109.0.1518.61)
Build info: version: &amp;apos;3.141.59&amp;apos;, revision: &amp;apos;e82be7d358&amp;apos;, time: &amp;apos;2018-11-14T08:17:03&amp;apos;
System info: host: &amp;apos;DESKTOP-OV6RCV6&amp;apos;, ip: &amp;apos;192.168.1.13&amp;apos;, os.name: &amp;apos;Windows 10&amp;apos;, os.arch: &amp;apos;amd64&amp;apos;, os.version: &amp;apos;10.0&amp;apos;, java.version: &amp;apos;17.0.4.1&amp;apos;
Driver info: org.openqa.selenium.edge.EdgeDriver
Capabilities {acceptInsecureCerts: false, browserName: msedge, browserVersion: 109.0.1518.61, javascriptEnabled: true, ms:edgeOptions: {debuggerAddress: localhost:60897}, msedge: {msedgedriverVersion: 109.0.1518.61 (354b36f96bab..., userDataDir: C:\Users\atef\AppData\Local...}, networkConnectionEnabled: false, pageLoadStrategy: normal, platform: WINDOWS, platformName: WINDOWS, proxy: Proxy(), setWindowRect: true, strictFileInteractability: false, timeouts: {implicit: 0, pageLoad: 300000, script: 30000}, unhandledPromptBehavior: dismiss and notify, webauthn:extension:credBlob: true, webauthn:extension:largeBlob: true, webauthn:virtualAuthenticators: true}
Session ID: c073a12877d9d749a113b115e097ef78">
      <![CDATA[org.openqa.selenium.ElementClickInterceptedException: element click intercepted: Element <button id="login" type="button" class="btn btn-primary">...</button> is not clickable at point (832, 573). Other element would receive the click: <footer>...</footer>
  (Session info: MicrosoftEdge=109.0.1518.61)
Build info: version: '3.141.59', revision: 'e82be7d358', time: '2018-11-14T08:17:03'
System info: host: 'DESKTOP-OV6RCV6', ip: '192.168.1.13', os.name: 'Windows 10', os.arch: 'amd64', os.version: '10.0', java.version: '17.0.4.1'
Driver info: org.openqa.selenium.edge.EdgeDriver
Capabilities {acceptInsecureCerts: false, browserName: msedge, browserVersion: 109.0.1518.61, javascriptEnabled: true, ms:edgeOptions: {debuggerAddress: localhost:60897}, msedge: {msedgedriverVersion: 109.0.1518.61 (354b36f96bab..., userDataDir: C:\Users\atef\AppData\Local...}, networkConnectionEnabled: false, pageLoadStrategy: normal, platform: WINDOWS, platformName: WINDOWS, proxy: Proxy(), setWindowRect: true, strictFileInteractability: false, timeouts: {implicit: 0, pageLoad: 300000, script: 30000}, unhandledPromptBehavior: dismiss and notify, webauthn:extension:credBlob: true, webauthn:extension:largeBlob: true, webauthn:virtualAuthenticators: true}
Session ID: c073a12877d9d749a113b115e097ef78
at org.openqa.selenium.remote.http.W3CHttpResponseCodec.createException(W3CHttpResponseCodec.java:187)
at org.openqa.selenium.remote.http.W3CHttpResponseCodec.decode(W3CHttpResponseCodec.java:122)
at org.openqa.selenium.remote.http.W3CHttpResponseCodec.decode(W3CHttpResponseCodec.java:49)
at org.openqa.selenium.remote.HttpCommandExecutor.execute(HttpCommandExecutor.java:158)
at org.openqa.selenium.remote.service.DriverCommandExecutor.execute(DriverCommandExecutor.java:83)
at org.openqa.selenium.remote.RemoteWebDriver.execute(RemoteWebDriver.java:552)
at org.openqa.selenium.remote.RemoteWebElement.execute(RemoteWebElement.java:285)
at org.openqa.selenium.remote.RemoteWebElement.click(RemoteWebElement.java:84)
at Pages.LoginPage.clickLogin(LoginPage.java:36)
at testCases.LoginTestCase.main(LoginTestCase.java:42)
... Removed 34 stack frames]]>
    </failure>
  </testcase> <!-- main -->
</testsuite> <!-- Test -->
